{"/home/victoraugustoas/Documentos/github/SAKS/intl-model/src/common/entity.ts": {"path":"/home/victoraugustoas/Documentos/github/SAKS/intl-model/src/common/entity.ts","statementMap":{"0":{"start":{"line":9,"column":4},"end":{"line":9,"column":23}},"1":{"start":{"line":5,"column":0},"end":{"line":5,"column":13}}},"fnMap":{"0":{"name":"(anonymous_0)","decl":{"start":{"line":8,"column":2},"end":{"line":8,"column":14}},"loc":{"start":{"line":8,"column":26},"end":{"line":10,"column":3}}}},"branchMap":{},"s":{"0":3,"1":1},"f":{"0":3},"b":{}}
,"/home/victoraugustoas/Documentos/github/SAKS/intl-model/src/common/order.ts": {"path":"/home/victoraugustoas/Documentos/github/SAKS/intl-model/src/common/order.ts","statementMap":{"0":{"start":{"line":5,"column":4},"end":{"line":5,"column":61}},"1":{"start":{"line":5,"column":19},"end":{"line":5,"column":61}},"2":{"start":{"line":6,"column":4},"end":{"line":6,"column":23}},"3":{"start":{"line":1,"column":0},"end":{"line":1,"column":13}}},"fnMap":{"0":{"name":"(anonymous_0)","decl":{"start":{"line":4,"column":2},"end":{"line":4,"column":14}},"loc":{"start":{"line":4,"column":27},"end":{"line":7,"column":3}}}},"branchMap":{"0":{"loc":{"start":{"line":5,"column":4},"end":{"line":5,"column":61}},"type":"if","locations":[{"start":{"line":5,"column":4},"end":{"line":5,"column":61}}]}},"s":{"0":1,"1":0,"2":1,"3":1},"f":{"0":1},"b":{"0":[0]}}
,"/home/victoraugustoas/Documentos/github/SAKS/intl-model/src/common/percentage.ts": {"path":"/home/victoraugustoas/Documentos/github/SAKS/intl-model/src/common/percentage.ts","statementMap":{"0":{"start":{"line":5,"column":4},"end":{"line":6,"column":50}},"1":{"start":{"line":6,"column":6},"end":{"line":6,"column":50}},"2":{"start":{"line":7,"column":4},"end":{"line":7,"column":33}},"3":{"start":{"line":1,"column":0},"end":{"line":1,"column":13}},"4":{"start":{"line":15,"column":4},"end":{"line":15,"column":33}},"5":{"start":{"line":11,"column":0},"end":{"line":11,"column":13}}},"fnMap":{"0":{"name":"(anonymous_0)","decl":{"start":{"line":4,"column":2},"end":{"line":4,"column":14}},"loc":{"start":{"line":4,"column":32},"end":{"line":8,"column":3}}},"1":{"name":"(anonymous_1)","decl":{"start":{"line":14,"column":2},"end":{"line":14,"column":14}},"loc":{"start":{"line":14,"column":32},"end":{"line":16,"column":3}}}},"branchMap":{"0":{"loc":{"start":{"line":5,"column":4},"end":{"line":6,"column":50}},"type":"if","locations":[{"start":{"line":5,"column":4},"end":{"line":6,"column":50}}]},"1":{"loc":{"start":{"line":5,"column":8},"end":{"line":5,"column":40}},"type":"binary-expr","locations":[{"start":{"line":5,"column":8},"end":{"line":5,"column":22}},{"start":{"line":5,"column":26},"end":{"line":5,"column":40}}]}},"s":{"0":4,"1":0,"2":4,"3":1,"4":12,"5":1},"f":{"0":4,"1":12},"b":{"0":[0],"1":[4,4]}}
,"/home/victoraugustoas/Documentos/github/SAKS/intl-model/src/common/rate_stars.ts": {"path":"/home/victoraugustoas/Documentos/github/SAKS/intl-model/src/common/rate_stars.ts","statementMap":{"0":{"start":{"line":5,"column":4},"end":{"line":5,"column":71}},"1":{"start":{"line":5,"column":32},"end":{"line":5,"column":71}},"2":{"start":{"line":7,"column":4},"end":{"line":7,"column":23}},"3":{"start":{"line":1,"column":0},"end":{"line":1,"column":13}}},"fnMap":{"0":{"name":"(anonymous_0)","decl":{"start":{"line":4,"column":2},"end":{"line":4,"column":14}},"loc":{"start":{"line":4,"column":27},"end":{"line":8,"column":3}}}},"branchMap":{"0":{"loc":{"start":{"line":5,"column":4},"end":{"line":5,"column":71}},"type":"if","locations":[{"start":{"line":5,"column":4},"end":{"line":5,"column":71}}]},"1":{"loc":{"start":{"line":5,"column":8},"end":{"line":5,"column":30}},"type":"binary-expr","locations":[{"start":{"line":5,"column":8},"end":{"line":5,"column":17}},{"start":{"line":5,"column":21},"end":{"line":5,"column":30}}]}},"s":{"0":2,"1":0,"2":2,"3":1},"f":{"0":2},"b":{"0":[0],"1":[2,2]}}
,"/home/victoraugustoas/Documentos/github/SAKS/intl-model/src/common/url_link.ts": {"path":"/home/victoraugustoas/Documentos/github/SAKS/intl-model/src/common/url_link.ts","statementMap":{"0":{"start":{"line":5,"column":4},"end":{"line":9,"column":5}},"1":{"start":{"line":6,"column":6},"end":{"line":6,"column":32}},"2":{"start":{"line":8,"column":6},"end":{"line":8,"column":42}},"3":{"start":{"line":1,"column":0},"end":{"line":1,"column":13}}},"fnMap":{"0":{"name":"(anonymous_0)","decl":{"start":{"line":4,"column":2},"end":{"line":4,"column":14}},"loc":{"start":{"line":4,"column":26},"end":{"line":10,"column":3}}}},"branchMap":{},"s":{"0":2,"1":2,"2":0,"3":1},"f":{"0":2},"b":{}}
,"/home/victoraugustoas/Documentos/github/SAKS/intl-model/src/currency/currency.ts": {"path":"/home/victoraugustoas/Documentos/github/SAKS/intl-model/src/currency/currency.ts","statementMap":{"0":{"start":{"line":13,"column":4},"end":{"line":13,"column":27}},"1":{"start":{"line":15,"column":4},"end":{"line":16,"column":73}},"2":{"start":{"line":16,"column":6},"end":{"line":16,"column":73}},"3":{"start":{"line":18,"column":4},"end":{"line":18,"column":31}},"4":{"start":{"line":20,"column":4},"end":{"line":21,"column":54}},"5":{"start":{"line":21,"column":6},"end":{"line":21,"column":54}},"6":{"start":{"line":23,"column":4},"end":{"line":23,"column":27}},"7":{"start":{"line":7,"column":0},"end":{"line":7,"column":13}}},"fnMap":{"0":{"name":"(anonymous_0)","decl":{"start":{"line":12,"column":2},"end":{"line":12,"column":14}},"loc":{"start":{"line":12,"column":34},"end":{"line":24,"column":3}}}},"branchMap":{"0":{"loc":{"start":{"line":15,"column":4},"end":{"line":16,"column":73}},"type":"if","locations":[{"start":{"line":15,"column":4},"end":{"line":16,"column":73}}]},"1":{"loc":{"start":{"line":20,"column":4},"end":{"line":21,"column":54}},"type":"if","locations":[{"start":{"line":20,"column":4},"end":{"line":21,"column":54}}]},"2":{"loc":{"start":{"line":20,"column":8},"end":{"line":20,"column":54}},"type":"binary-expr","locations":[{"start":{"line":20,"column":8},"end":{"line":20,"column":29}},{"start":{"line":20,"column":33},"end":{"line":20,"column":54}}]}},"s":{"0":3,"1":3,"2":0,"3":3,"4":3,"5":0,"6":3,"7":1},"f":{"0":3},"b":{"0":[0],"1":[0],"2":[3,3]}}
,"/home/victoraugustoas/Documentos/github/SAKS/intl-model/src/portfolio_model/asset.ts": {"path":"/home/victoraugustoas/Documentos/github/SAKS/intl-model/src/portfolio_model/asset.ts","statementMap":{"0":{"start":{"line":1,"column":0},"end":{"line":1,"column":55}},"1":{"start":{"line":2,"column":0},"end":{"line":2,"column":57}},"2":{"start":{"line":3,"column":0},"end":{"line":3,"column":49}},"3":{"start":{"line":4,"column":0},"end":{"line":4,"column":45}},"4":{"start":{"line":5,"column":0},"end":{"line":5,"column":63}},"5":{"start":{"line":6,"column":0},"end":{"line":6,"column":76}},"6":{"start":{"line":32,"column":4},"end":{"line":32,"column":17}},"7":{"start":{"line":33,"column":4},"end":{"line":33,"column":27}},"8":{"start":{"line":34,"column":4},"end":{"line":34,"column":40}},"9":{"start":{"line":35,"column":4},"end":{"line":35,"column":41}},"10":{"start":{"line":36,"column":4},"end":{"line":36,"column":50}},"11":{"start":{"line":37,"column":4},"end":{"line":37,"column":37}},"12":{"start":{"line":38,"column":4},"end":{"line":38,"column":49}},"13":{"start":{"line":39,"column":4},"end":{"line":39,"column":68}},"14":{"start":{"line":40,"column":4},"end":{"line":42,"column":6}},"15":{"start":{"line":41,"column":17},"end":{"line":41,"column":43}},"16":{"start":{"line":21,"column":0},"end":{"line":21,"column":13}}},"fnMap":{"0":{"name":"(anonymous_0)","decl":{"start":{"line":31,"column":2},"end":{"line":31,"column":14}},"loc":{"start":{"line":31,"column":31},"end":{"line":43,"column":3}}},"1":{"name":"(anonymous_1)","decl":{"start":{"line":41,"column":6},"end":{"line":41,"column":7}},"loc":{"start":{"line":41,"column":17},"end":{"line":41,"column":43}}}},"branchMap":{},"s":{"0":1,"1":1,"2":1,"3":1,"4":1,"5":1,"6":2,"7":2,"8":2,"9":2,"10":2,"11":2,"12":2,"13":2,"14":2,"15":4,"16":1},"f":{"0":2,"1":4},"b":{}}
,"/home/victoraugustoas/Documentos/github/SAKS/intl-model/src/portfolio_model/asset_daily_share.ts": {"path":"/home/victoraugustoas/Documentos/github/SAKS/intl-model/src/portfolio_model/asset_daily_share.ts","statementMap":{"0":{"start":{"line":11,"column":4},"end":{"line":11,"column":76}},"1":{"start":{"line":11,"column":30},"end":{"line":11,"column":76}},"2":{"start":{"line":12,"column":4},"end":{"line":12,"column":27}},"3":{"start":{"line":13,"column":4},"end":{"line":13,"column":39}},"4":{"start":{"line":6,"column":0},"end":{"line":6,"column":13}}},"fnMap":{"0":{"name":"(anonymous_0)","decl":{"start":{"line":10,"column":2},"end":{"line":10,"column":14}},"loc":{"start":{"line":10,"column":41},"end":{"line":14,"column":3}}}},"branchMap":{"0":{"loc":{"start":{"line":11,"column":4},"end":{"line":11,"column":76}},"type":"if","locations":[{"start":{"line":11,"column":4},"end":{"line":11,"column":76}}]}},"s":{"0":8,"1":0,"2":8,"3":8,"4":1},"f":{"0":8},"b":{"0":[0]}}
,"/home/victoraugustoas/Documentos/github/SAKS/intl-model/src/portfolio_model/portfolio_model.ts": {"path":"/home/victoraugustoas/Documentos/github/SAKS/intl-model/src/portfolio_model/portfolio_model.ts","statementMap":{"0":{"start":{"line":1,"column":0},"end":{"line":1,"column":54}},"1":{"start":{"line":2,"column":0},"end":{"line":2,"column":55}},"2":{"start":{"line":3,"column":0},"end":{"line":3,"column":40}},"3":{"start":{"line":4,"column":0},"end":{"line":4,"column":69}},"4":{"start":{"line":5,"column":0},"end":{"line":5,"column":63}},"5":{"start":{"line":6,"column":0},"end":{"line":6,"column":44}},"6":{"start":{"line":37,"column":4},"end":{"line":37,"column":17}},"7":{"start":{"line":39,"column":4},"end":{"line":39,"column":27}},"8":{"start":{"line":40,"column":4},"end":{"line":40,"column":41}},"9":{"start":{"line":41,"column":4},"end":{"line":41,"column":53}},"10":{"start":{"line":42,"column":4},"end":{"line":42,"column":49}},"11":{"start":{"line":43,"column":4},"end":{"line":43,"column":41}},"12":{"start":{"line":44,"column":4},"end":{"line":44,"column":43}},"13":{"start":{"line":45,"column":4},"end":{"line":45,"column":54}},"14":{"start":{"line":46,"column":4},"end":{"line":46,"column":40}},"15":{"start":{"line":47,"column":4},"end":{"line":47,"column":41}},"16":{"start":{"line":48,"column":4},"end":{"line":48,"column":64}},"17":{"start":{"line":48,"column":46},"end":{"line":48,"column":62}},"18":{"start":{"line":50,"column":31},"end":{"line":50,"column":79}},"19":{"start":{"line":51,"column":4},"end":{"line":51,"column":77}},"20":{"start":{"line":51,"column":29},"end":{"line":51,"column":77}},"21":{"start":{"line":55,"column":26},"end":{"line":60,"column":null}},"22":{"start":{"line":58,"column":10},"end":{"line":58,"column":56}},"23":{"start":{"line":63,"column":4},"end":{"line":63,"column":44}},"24":{"start":{"line":70,"column":4},"end":{"line":70,"column":70}},"25":{"start":{"line":74,"column":38},"end":{"line":74,"column":40}},"26":{"start":{"line":76,"column":4},"end":{"line":93,"column":5}},"27":{"start":{"line":77,"column":24},"end":{"line":80,"column":null}},"28":{"start":{"line":79,"column":10},"end":{"line":80,"column":69}},"29":{"start":{"line":83,"column":6},"end":{"line":92,"column":7}},"30":{"start":{"line":84,"column":29},"end":{"line":84,"column":52}},"31":{"start":{"line":85,"column":27},"end":{"line":85,"column":46}},"32":{"start":{"line":86,"column":8},"end":{"line":91,"column":10}},"33":{"start":{"line":94,"column":4},"end":{"line":94,"column":23}},"34":{"start":{"line":21,"column":0},"end":{"line":21,"column":13}}},"fnMap":{"0":{"name":"(anonymous_0)","decl":{"start":{"line":36,"column":2},"end":{"line":36,"column":14}},"loc":{"start":{"line":36,"column":40},"end":{"line":52,"column":3}}},"1":{"name":"(anonymous_1)","decl":{"start":{"line":48,"column":35},"end":{"line":48,"column":36}},"loc":{"start":{"line":48,"column":46},"end":{"line":48,"column":62}}},"2":{"name":"(anonymous_2)","decl":{"start":{"line":54,"column":10},"end":{"line":54,"column":16}},"loc":{"start":{"line":54,"column":53},"end":{"line":64,"column":3}}},"3":{"name":"(anonymous_3)","decl":{"start":{"line":57,"column":8},"end":{"line":57,"column":9}},"loc":{"start":{"line":58,"column":10},"end":{"line":58,"column":56}}},"4":{"name":"(anonymous_4)","decl":{"start":{"line":66,"column":10},"end":{"line":66,"column":34}},"loc":{"start":{"line":68,"column":22},"end":{"line":71,"column":3}}},"5":{"name":"(anonymous_5)","decl":{"start":{"line":73,"column":2},"end":{"line":73,"column":22}},"loc":{"start":{"line":73,"column":53},"end":{"line":95,"column":3}}},"6":{"name":"(anonymous_6)","decl":{"start":{"line":78,"column":8},"end":{"line":78,"column":9}},"loc":{"start":{"line":79,"column":10},"end":{"line":80,"column":69}}}},"branchMap":{"0":{"loc":{"start":{"line":51,"column":4},"end":{"line":51,"column":77}},"type":"if","locations":[{"start":{"line":51,"column":4},"end":{"line":51,"column":77}}]},"1":{"loc":{"start":{"line":79,"column":10},"end":{"line":80,"column":69}},"type":"binary-expr","locations":[{"start":{"line":79,"column":11},"end":{"line":79,"column":35}},{"start":{"line":79,"column":39},"end":{"line":79,"column":63}},{"start":{"line":80,"column":11},"end":{"line":80,"column":38}},{"start":{"line":80,"column":42},"end":{"line":80,"column":68}}]}},"s":{"0":1,"1":1,"2":1,"3":1,"4":1,"5":1,"6":1,"7":1,"8":1,"9":1,"10":1,"11":1,"12":1,"13":1,"14":1,"15":1,"16":1,"17":2,"18":1,"19":1,"20":0,"21":1,"22":2,"23":1,"24":0,"25":2,"26":2,"27":4,"28":8,"29":4,"30":8,"31":8,"32":8,"33":2,"34":1},"f":{"0":1,"1":2,"2":1,"3":2,"4":0,"5":2,"6":8},"b":{"0":[0],"1":[8,4,8,0]}}
}
