TN:
SF:src/common/entity.ts
FN:8,(anonymous_0)
FNF:1
FNH:1
FNDA:3,(anonymous_0)
DA:5,1
DA:9,3
LF:2
LH:2
BRF:0
BRH:0
end_of_record
TN:
SF:src/common/order.ts
FN:4,(anonymous_0)
FNF:1
FNH:1
FNDA:1,(anonymous_0)
DA:1,1
DA:5,1
DA:6,1
LF:3
LH:3
BRDA:5,0,0,0
BRF:1
BRH:0
end_of_record
TN:
SF:src/common/percentage.ts
FN:4,(anonymous_0)
FN:14,(anonymous_1)
FNF:2
FNH:2
FNDA:4,(anonymous_0)
FNDA:12,(anonymous_1)
DA:1,1
DA:5,4
DA:6,0
DA:7,4
DA:11,1
DA:15,12
LF:6
LH:5
BRDA:5,0,0,0
BRDA:5,1,0,4
BRDA:5,1,1,4
BRF:3
BRH:2
end_of_record
TN:
SF:src/common/rate_stars.ts
FN:4,(anonymous_0)
FNF:1
FNH:1
FNDA:2,(anonymous_0)
DA:1,1
DA:5,2
DA:7,2
LF:3
LH:3
BRDA:5,0,0,0
BRDA:5,1,0,2
BRDA:5,1,1,2
BRF:3
BRH:2
end_of_record
TN:
SF:src/common/url_link.ts
FN:4,(anonymous_0)
FNF:1
FNH:1
FNDA:2,(anonymous_0)
DA:1,1
DA:5,2
DA:6,2
DA:8,0
LF:4
LH:3
BRF:0
BRH:0
end_of_record
TN:
SF:src/currency/currency.ts
FN:12,(anonymous_0)
FNF:1
FNH:1
FNDA:3,(anonymous_0)
DA:7,1
DA:13,3
DA:15,3
DA:16,0
DA:18,3
DA:20,3
DA:21,0
DA:23,3
LF:8
LH:6
BRDA:15,0,0,0
BRDA:20,1,0,0
BRDA:20,2,0,3
BRDA:20,2,1,3
BRF:4
BRH:2
end_of_record
TN:
SF:src/portfolio_model/asset.ts
FN:31,(anonymous_0)
FN:41,(anonymous_1)
FNF:2
FNH:2
FNDA:2,(anonymous_0)
FNDA:4,(anonymous_1)
DA:1,1
DA:2,1
DA:3,1
DA:4,1
DA:5,1
DA:6,1
DA:21,1
DA:32,2
DA:33,2
DA:34,2
DA:35,2
DA:36,2
DA:37,2
DA:38,2
DA:39,2
DA:40,2
DA:41,4
LF:17
LH:17
BRF:0
BRH:0
end_of_record
TN:
SF:src/portfolio_model/asset_daily_share.ts
FN:10,(anonymous_0)
FNF:1
FNH:1
FNDA:8,(anonymous_0)
DA:6,1
DA:11,8
DA:12,8
DA:13,8
LF:4
LH:4
BRDA:11,0,0,0
BRF:1
BRH:0
end_of_record
TN:
SF:src/portfolio_model/portfolio_model.ts
FN:36,(anonymous_0)
FN:48,(anonymous_1)
FN:54,(anonymous_2)
FN:57,(anonymous_3)
FN:66,(anonymous_4)
FN:73,(anonymous_5)
FN:78,(anonymous_6)
FNF:7
FNH:6
FNDA:1,(anonymous_0)
FNDA:2,(anonymous_1)
FNDA:1,(anonymous_2)
FNDA:2,(anonymous_3)
FNDA:0,(anonymous_4)
FNDA:2,(anonymous_5)
FNDA:8,(anonymous_6)
DA:1,1
DA:2,1
DA:3,1
DA:4,1
DA:5,1
DA:6,1
DA:21,1
DA:37,1
DA:39,1
DA:40,1
DA:41,1
DA:42,1
DA:43,1
DA:44,1
DA:45,1
DA:46,1
DA:47,1
DA:48,2
DA:50,1
DA:51,1
DA:55,1
DA:58,2
DA:63,1
DA:70,0
DA:74,2
DA:76,2
DA:77,4
DA:79,8
DA:83,4
DA:84,8
DA:85,8
DA:86,8
DA:94,2
LF:33
LH:32
BRDA:51,0,0,0
BRDA:79,1,0,8
BRDA:79,1,1,4
BRDA:79,1,2,8
BRDA:79,1,3,0
BRF:5
BRH:3
end_of_record
